<?xml version="1.0" encoding="UTF-8"?>
<!-- Generated by org.testng.reporters.JUnitReportReporter -->
<testsuite hostname="DESKTOP-U691P5C" failures="0" tests="1" name="Testperform.practiceAppim.EcommerceTestCase_1_Test" time="62.891" errors="0" timestamp="2023-11-30T17:48:05 IST" skipped="0">
  <testcase classname="Testperform.practiceAppim.EcommerceTestCase_1_Test" name="verifyFristTestCase" time="62.891"/>
</testsuite> <!-- Testperform.practiceAppim.EcommerceTestCase_1_Test -->
