<?xml version="1.0" encoding="UTF-8"?>
<!-- Generated by org.testng.reporters.JUnitReportReporter -->
<testsuite hostname="DESKTOP-U691P5C" failures="0" tests="1" name="Testperform.practiceAppim.EcommerceTestCase_2_Test" time="46.465" errors="0" timestamp="2023-12-21T16:59:13 IST" skipped="0">
  <testcase classname="Testperform.practiceAppim.EcommerceTestCase_2_Test" name="verifyFristTestCase" time="46.465"/>
</testsuite> <!-- Testperform.practiceAppim.EcommerceTestCase_2_Test -->
