<?xml version="1.0" encoding="UTF-8"?>
<!-- Generated by org.testng.reporters.JUnitReportReporter -->
<testsuite hostname="DESKTOP-U691P5C" failures="0" tests="1" name="Testperform.practiceAppim.SwipeGestoreDemoTest" time="18.385" errors="0" timestamp="2024-01-31T14:51:32 IST" skipped="0">
  <testcase classname="Testperform.practiceAppim.SwipeGestoreDemoTest" name="verifyLongClickFunctionality" time="18.385"/>
</testsuite> <!-- Testperform.practiceAppim.SwipeGestoreDemoTest -->
