<?xml version="1.0" encoding="UTF-8"?>
<!-- Generated by org.testng.reporters.JUnitReportReporter -->
<testsuite hostname="DESKTOP-U691P5C" failures="0" tests="1" name="Testperform.practiceAppim.EcommerceTestCase_3" time="95.029" errors="0" timestamp="2024-02-16T16:32:43 IST" skipped="0">
  <testcase classname="Testperform.practiceAppim.EcommerceTestCase_3" name="verifyFristTestCase" time="95.029"/>
</testsuite> <!-- Testperform.practiceAppim.EcommerceTestCase_3 -->
