<?xml version="1.0" encoding="UTF-8"?>
<!-- Generated by org.testng.reporters.JUnitReportReporter -->
<testsuite hostname="DESKTOP-U691P5C" failures="0" tests="1" name="Testperform.practiceAppim.scrollingGestoreDemoTest" time="32.995" errors="0" timestamp="2023-11-29T11:57:07 IST" skipped="0">
  <testcase classname="Testperform.practiceAppim.scrollingGestoreDemoTest" name="verifyLongClickFunctionality" time="32.995"/>
</testsuite> <!-- Testperform.practiceAppim.scrollingGestoreDemoTest -->
