<?xml version="1.0" encoding="UTF-8"?>
<!-- Generated by org.testng.reporters.JUnitReportReporter -->
<testsuite hostname="DESKTOP-U691P5C" failures="0" tests="1" name="Testperform.practiceAppim.AppTest" time="13.591" errors="0" timestamp="2023-11-22T13:48:28 IST" skipped="0">
  <testcase classname="Testperform.practiceAppim.AppTest" name="verifyAppFunctionality" time="13.591"/>
</testsuite> <!-- Testperform.practiceAppim.AppTest -->
