<?xml version="1.0" encoding="UTF-8"?>
<!-- Generated by org.testng.reporters.JUnitReportReporter -->
<testsuite hostname="DESKTOP-U691P5C" failures="0" tests="1" name="Testperform.practiceAppim.LonPressGestureTest" time="16.667" errors="0" timestamp="2024-01-02T14:30:41 IST" skipped="0">
  <testcase classname="Testperform.practiceAppim.LonPressGestureTest" name="verifyLongClickFunctionality" time="16.667"/>
</testsuite> <!-- Testperform.practiceAppim.LonPressGestureTest -->
